[11:08:26] [ServerMain/INFO]: Environment: authHost='https://authserver.mojang.com', accountsHost='https://api.mojang.com', sessionHost='https://sessionserver.mojang.com', servicesHost='https://api.minecraftservices.com', name='PROD'
[11:08:28] [ServerMain/INFO]: Loaded 7 recipes
[11:08:29] [Server thread/INFO]: Starting minecraft server version 1.20.1
[11:08:29] [Server thread/INFO]: Loading properties
[11:08:30] [Server thread/INFO]: This server is running CraftBukkit version 3871-Spigot-d2eba2c-3f9263b (MC: 1.20.1) (Implementing API version 1.20.1-R0.1-SNAPSHOT)
[11:08:30] [Server thread/INFO]: Server Ping Player Sample Count: 12
[11:08:30] [Server thread/INFO]: Using 4 threads for Netty based IO
[11:08:30] [Server thread/INFO]: Debug logging is disabled
[11:08:30] [Server thread/INFO]: Default game type: SURVIVAL
[11:08:30] [Server thread/INFO]: Generating keypair
[11:08:31] [Server thread/INFO]: Starting Minecraft server on *:25565
[11:08:31] [Server thread/INFO]: Using epoll channel type
[11:08:31] [Server thread/WARN]: **** SERVER IS RUNNING IN OFFLINE/INSECURE MODE!
[11:08:31] [Server thread/WARN]: The server will make no attempt to authenticate usernames. Beware.
[11:08:31] [Server thread/WARN]: While this makes the game possible to play without internet access, it also opens up the ability for hackers to connect with any username they choose.
[11:08:31] [Server thread/WARN]: To change this, set "online-mode" to "true" in the server.properties file.
[11:08:31] [Server thread/INFO]: Preparing level "world"
[11:08:31] [Server thread/INFO]: -------- World Settings For [world] --------
[11:08:31] [Server thread/INFO]: Cactus Growth Modifier: 100%
[11:08:31] [Server thread/INFO]: Cane Growth Modifier: 100%
[11:08:31] [Server thread/INFO]: Melon Growth Modifier: 100%
[11:08:31] [Server thread/INFO]: Mushroom Growth Modifier: 100%
[11:08:31] [Server thread/INFO]: Pumpkin Growth Modifier: 100%
[11:08:31] [Server thread/INFO]: Sapling Growth Modifier: 100%
[11:08:31] [Server thread/INFO]: Beetroot Growth Modifier: 100%
[11:08:31] [Server thread/INFO]: Carrot Growth Modifier: 100%
[11:08:31] [Server thread/INFO]: Potato Growth Modifier: 100%
[11:08:31] [Server thread/INFO]: Wheat Growth Modifier: 100%
[11:08:31] [Server thread/INFO]: NetherWart Growth Modifier: 100%
[11:08:31] [Server thread/INFO]: Vine Growth Modifier: 100%
[11:08:31] [Server thread/INFO]: Cocoa Growth Modifier: 100%
[11:08:31] [Server thread/INFO]: Bamboo Growth Modifier: 100%
[11:08:31] [Server thread/INFO]: SweetBerry Growth Modifier: 100%
[11:08:31] [Server thread/INFO]: Kelp Growth Modifier: 100%
[11:08:31] [Server thread/INFO]: TwistingVines Growth Modifier: 100%
[11:08:31] [Server thread/INFO]: WeepingVines Growth Modifier: 100%
[11:08:31] [Server thread/INFO]: CaveVines Growth Modifier: 100%
[11:08:31] [Server thread/INFO]: Entity Activation Range: An 32 / Mo 32 / Ra 48 / Mi 16 / Tiv true / Isa false
[11:08:31] [Server thread/INFO]: Entity Tracking Range: Pl 48 / An 48 / Mo 48 / Mi 32 / Di 128 / Other 64
[11:08:31] [Server thread/INFO]: Hopper Transfer: 8 Hopper Check: 1 Hopper Amount: 1 Hopper Can Load Chunks: false
[11:08:31] [Server thread/INFO]: Experience Merge Radius: 3.0
[11:08:31] [Server thread/INFO]: Mob Spawn Range: 6
[11:08:31] [Server thread/INFO]: Custom Map Seeds:  Village: 10387312 Desert: 14357617 Igloo: 14357618 Jungle: 14357619 Swamp: 14357620 Monument: 10387313 Ocean: 14357621 Shipwreck: 165745295 End City: 10387313 Slime: 987234911 Nether: 30084232 Mansion: 10387319 Fossil: 14357921 Portal: 34222645
[11:08:31] [Server thread/INFO]: Max TNT Explosions: 100
[11:08:31] [Server thread/INFO]: Tile Max Tick Time: 50ms Entity max Tick Time: 50ms
[11:08:31] [Server thread/INFO]: View Distance: 10
[11:08:31] [Server thread/INFO]: Simulation Distance: 10
[11:08:31] [Server thread/INFO]: Item Despawn Rate: 6000
[11:08:31] [Server thread/INFO]: Item Merge Radius: 2.5
[11:08:31] [Server thread/INFO]: Allow Zombie Pigmen to spawn from portal blocks: true
[11:08:31] [Server thread/INFO]: Arrow Despawn Rate: 1200 Trident Respawn Rate:1200
[11:08:31] [Server thread/INFO]: Zombie Aggressive Towards Villager: true
[11:08:31] [Server thread/INFO]: Nerfing mobs spawned from spawners: false
[11:08:32] [Server thread/INFO]: -------- World Settings For [world_nether] --------
[11:08:32] [Server thread/INFO]: Cactus Growth Modifier: 100%
[11:08:32] [Server thread/INFO]: Cane Growth Modifier: 100%
[11:08:32] [Server thread/INFO]: Melon Growth Modifier: 100%
[11:08:32] [Server thread/INFO]: Mushroom Growth Modifier: 100%
[11:08:32] [Server thread/INFO]: Pumpkin Growth Modifier: 100%
[11:08:32] [Server thread/INFO]: Sapling Growth Modifier: 100%
[11:08:32] [Server thread/INFO]: Beetroot Growth Modifier: 100%
[11:08:32] [Server thread/INFO]: Carrot Growth Modifier: 100%
[11:08:32] [Server thread/INFO]: Potato Growth Modifier: 100%
[11:08:32] [Server thread/INFO]: Wheat Growth Modifier: 100%
[11:08:32] [Server thread/INFO]: NetherWart Growth Modifier: 100%
[11:08:32] [Server thread/INFO]: Vine Growth Modifier: 100%
[11:08:32] [Server thread/INFO]: Cocoa Growth Modifier: 100%
[11:08:32] [Server thread/INFO]: Bamboo Growth Modifier: 100%
[11:08:32] [Server thread/INFO]: SweetBerry Growth Modifier: 100%
[11:08:32] [Server thread/INFO]: Kelp Growth Modifier: 100%
[11:08:32] [Server thread/INFO]: TwistingVines Growth Modifier: 100%
[11:08:32] [Server thread/INFO]: WeepingVines Growth Modifier: 100%
[11:08:32] [Server thread/INFO]: CaveVines Growth Modifier: 100%
[11:08:32] [Server thread/INFO]: Entity Activation Range: An 32 / Mo 32 / Ra 48 / Mi 16 / Tiv true / Isa false
[11:08:32] [Server thread/INFO]: Entity Tracking Range: Pl 48 / An 48 / Mo 48 / Mi 32 / Di 128 / Other 64
[11:08:32] [Server thread/INFO]: Hopper Transfer: 8 Hopper Check: 1 Hopper Amount: 1 Hopper Can Load Chunks: false
[11:08:32] [Server thread/INFO]: Experience Merge Radius: 3.0
[11:08:32] [Server thread/INFO]: Mob Spawn Range: 6
[11:08:32] [Server thread/INFO]: Custom Map Seeds:  Village: 10387312 Desert: 14357617 Igloo: 14357618 Jungle: 14357619 Swamp: 14357620 Monument: 10387313 Ocean: 14357621 Shipwreck: 165745295 End City: 10387313 Slime: 987234911 Nether: 30084232 Mansion: 10387319 Fossil: 14357921 Portal: 34222645
[11:08:32] [Server thread/INFO]: Max TNT Explosions: 100
[11:08:32] [Server thread/INFO]: Tile Max Tick Time: 50ms Entity max Tick Time: 50ms
[11:08:32] [Server thread/INFO]: View Distance: 10
[11:08:32] [Server thread/INFO]: Simulation Distance: 10
[11:08:32] [Server thread/INFO]: Item Despawn Rate: 6000
[11:08:32] [Server thread/INFO]: Item Merge Radius: 2.5
[11:08:32] [Server thread/INFO]: Allow Zombie Pigmen to spawn from portal blocks: true
[11:08:32] [Server thread/INFO]: Arrow Despawn Rate: 1200 Trident Respawn Rate:1200
[11:08:32] [Server thread/INFO]: Zombie Aggressive Towards Villager: true
[11:08:32] [Server thread/INFO]: Nerfing mobs spawned from spawners: false
[11:08:34] [Server thread/INFO]: -------- World Settings For [world_the_end] --------
[11:08:34] [Server thread/INFO]: Cactus Growth Modifier: 100%
[11:08:34] [Server thread/INFO]: Cane Growth Modifier: 100%
[11:08:34] [Server thread/INFO]: Melon Growth Modifier: 100%
[11:08:34] [Server thread/INFO]: Mushroom Growth Modifier: 100%
[11:08:34] [Server thread/INFO]: Pumpkin Growth Modifier: 100%
[11:08:34] [Server thread/INFO]: Sapling Growth Modifier: 100%
[11:08:34] [Server thread/INFO]: Beetroot Growth Modifier: 100%
[11:08:34] [Server thread/INFO]: Carrot Growth Modifier: 100%
[11:08:34] [Server thread/INFO]: Potato Growth Modifier: 100%
[11:08:34] [Server thread/INFO]: Wheat Growth Modifier: 100%
[11:08:34] [Server thread/INFO]: NetherWart Growth Modifier: 100%
[11:08:34] [Server thread/INFO]: Vine Growth Modifier: 100%
[11:08:34] [Server thread/INFO]: Cocoa Growth Modifier: 100%
[11:08:34] [Server thread/INFO]: Bamboo Growth Modifier: 100%
[11:08:34] [Server thread/INFO]: SweetBerry Growth Modifier: 100%
[11:08:34] [Server thread/INFO]: Kelp Growth Modifier: 100%
[11:08:34] [Server thread/INFO]: TwistingVines Growth Modifier: 100%
[11:08:34] [Server thread/INFO]: WeepingVines Growth Modifier: 100%
[11:08:35] [Server thread/INFO]: CaveVines Growth Modifier: 100%
[11:08:35] [Server thread/INFO]: Entity Activation Range: An 32 / Mo 32 / Ra 48 / Mi 16 / Tiv true / Isa false
[11:08:35] [Server thread/INFO]: Entity Tracking Range: Pl 48 / An 48 / Mo 48 / Mi 32 / Di 128 / Other 64
[11:08:35] [Server thread/INFO]: Hopper Transfer: 8 Hopper Check: 1 Hopper Amount: 1 Hopper Can Load Chunks: false
[11:08:35] [Server thread/INFO]: Experience Merge Radius: 3.0
[11:08:35] [Server thread/INFO]: Mob Spawn Range: 6
[11:08:35] [Server thread/INFO]: Custom Map Seeds:  Village: 10387312 Desert: 14357617 Igloo: 14357618 Jungle: 14357619 Swamp: 14357620 Monument: 10387313 Ocean: 14357621 Shipwreck: 165745295 End City: 10387313 Slime: 987234911 Nether: 30084232 Mansion: 10387319 Fossil: 14357921 Portal: 34222645
[11:08:35] [Server thread/INFO]: Max TNT Explosions: 100
[11:08:35] [Server thread/INFO]: Tile Max Tick Time: 50ms Entity max Tick Time: 50ms
[11:08:35] [Server thread/INFO]: View Distance: 10
[11:08:35] [Server thread/INFO]: Simulation Distance: 10
[11:08:35] [Server thread/INFO]: Item Despawn Rate: 6000
[11:08:35] [Server thread/INFO]: Item Merge Radius: 2.5
[11:08:35] [Server thread/INFO]: Allow Zombie Pigmen to spawn from portal blocks: true
[11:08:35] [Server thread/INFO]: Arrow Despawn Rate: 1200 Trident Respawn Rate:1200
[11:08:35] [Server thread/INFO]: Zombie Aggressive Towards Villager: true
[11:08:35] [Server thread/INFO]: Nerfing mobs spawned from spawners: false
[11:08:35] [Server thread/INFO]: Preparing start region for dimension minecraft:overworld
[11:08:39] [Worker-Main-5/INFO]: Preparing spawn area: 0%
[11:08:39] [Worker-Main-1/INFO]: Preparing spawn area: 0%
[11:08:39] [Worker-Main-4/INFO]: Preparing spawn area: 0%
[11:08:39] [Worker-Main-7/INFO]: Preparing spawn area: 0%
[11:08:39] [Worker-Main-5/INFO]: Preparing spawn area: 0%
[11:08:39] [Worker-Main-2/INFO]: Preparing spawn area: 0%
[11:08:39] [Worker-Main-3/INFO]: Preparing spawn area: 0%
[11:08:39] [Worker-Main-2/INFO]: Preparing spawn area: 0%
[11:08:39] [Worker-Main-5/INFO]: Preparing spawn area: 0%
[11:08:39] [Worker-Main-1/INFO]: Preparing spawn area: 0%
[11:08:40] [Worker-Main-3/INFO]: Preparing spawn area: 0%
[11:08:40] [Worker-Main-5/INFO]: Preparing spawn area: 0%
[11:08:41] [Worker-Main-5/INFO]: Preparing spawn area: 0%
[11:08:41] [Worker-Main-4/INFO]: Preparing spawn area: 0%
[11:08:42] [Worker-Main-5/INFO]: Preparing spawn area: 10%
[11:08:42] [Worker-Main-7/INFO]: Preparing spawn area: 44%
[11:08:43] [Worker-Main-3/INFO]: Preparing spawn area: 74%
[11:08:43] [Server thread/INFO]: Time elapsed: 8393 ms
[11:08:43] [Server thread/INFO]: Preparing start region for dimension minecraft:the_nether
[11:08:46] [Worker-Main-1/INFO]: Preparing spawn area: 0%
[11:08:46] [Worker-Main-5/INFO]: Preparing spawn area: 0%
[11:08:46] [Worker-Main-3/INFO]: Preparing spawn area: 0%
[11:08:46] [Worker-Main-7/INFO]: Preparing spawn area: 0%
[11:08:46] [Worker-Main-4/INFO]: Preparing spawn area: 0%
[11:08:46] [Worker-Main-7/INFO]: Preparing spawn area: 0%
[11:08:46] [Worker-Main-1/INFO]: Preparing spawn area: 0%
[11:08:47] [Worker-Main-5/INFO]: Preparing spawn area: 0%
[11:08:47] [Worker-Main-1/INFO]: Preparing spawn area: 0%
[11:08:48] [Worker-Main-6/INFO]: Preparing spawn area: 22%
[11:08:48] [Worker-Main-7/INFO]: Preparing spawn area: 56%
[11:08:49] [Worker-Main-6/INFO]: Preparing spawn area: 89%
[11:08:49] [Server thread/INFO]: Time elapsed: 5659 ms
[11:08:49] [Server thread/INFO]: Preparing start region for dimension minecraft:the_end
[11:08:50] [Worker-Main-5/INFO]: Preparing spawn area: 0%
[11:08:50] [Worker-Main-5/INFO]: Preparing spawn area: 0%
[11:08:50] [Worker-Main-5/INFO]: Preparing spawn area: 0%
[11:08:50] [Worker-Main-6/INFO]: Preparing spawn area: 0%
[11:08:51] [Worker-Main-5/INFO]: Preparing spawn area: 0%
[11:08:51] [Worker-Main-5/INFO]: Preparing spawn area: 0%
[11:08:52] [Worker-Main-2/INFO]: Preparing spawn area: 2%
[11:08:52] [Worker-Main-6/INFO]: Preparing spawn area: 30%
[11:08:53] [Worker-Main-7/INFO]: Preparing spawn area: 61%
[11:08:53] [Worker-Main-1/INFO]: Preparing spawn area: 94%
[11:08:53] [Server thread/INFO]: Time elapsed: 4585 ms
[11:08:53] [Server thread/INFO]: Server permissions file permissions.yml is empty, ignoring it
[11:08:53] [Server thread/INFO]: Done (22.403s)! For help, type "help"
[11:08:53] [Server thread/INFO]: Starting remote control listener
[11:08:53] [Server thread/INFO]: Thread RCON Listener started
[11:08:53] [Server thread/INFO]: RCON running on 0.0.0.0:25575
[11:09:03] [User Authenticator #1/INFO]: UUID of player plexuss is 583c7312-ff26-3a37-8bed-b09de49a36e8
[11:09:03] [Server thread/INFO]: plexuss joined the game
[11:09:03] [Server thread/INFO]: plexuss[/172.29.0.3:42737] logged in with entity id 49 at ([world]-136.07757255867128, 93.0, 249.9725235398846)
[11:09:04] [Server thread/ERROR]: Failed to validate profile key: Invalid signature for profile public key.
Try restarting your game.
[11:09:04] [Server thread/INFO]: plexuss lost connection: Invalid signature for profile public key.
Try restarting your game.
[11:09:04] [Server thread/INFO]: plexuss left the game.
[11:59:12] [Server thread/WARN]: handleDisconnection() called twice
[14:28:00] [RCON Listener #1/INFO]: Thread RCON Client /127.0.0.1 started
[14:28:00] [Server thread/INFO]: [Rcon: Stopping the server]
[14:28:00] [Server thread/INFO]: Stopping server
[14:28:00] [RCON Client /127.0.0.1 #2/INFO]: Thread RCON Client /127.0.0.1 shutting down
[14:28:00] [Server thread/INFO]: Saving players
[14:28:00] [Server thread/INFO]: Saving worlds
[14:28:08] [Server thread/INFO]: Saving chunks for level 'ServerLevel[world]'/minecraft:overworld
